  Main.cpp
  App.cpp
C:\Users\Himar\Documents\GitHub\PlatformerGame\Platformer\Game\Source\Animation.h(60,19): warning C4244: 'inicializando': conversión de 'const float' a 'int'; posible pérdida de datos
C:\Users\Himar\Documents\GitHub\PlatformerGame\Platformer\Game\Source\Animation.h(62,30): warning C4244: '=': conversión de 'float' a 'int'; posible pérdida de datos
  Audio.cpp
  Input.cpp
  Map.cpp
C:\Users\Himar\Documents\GitHub\PlatformerGame\Platformer\Game\Source\Animation.h(69,18): warning C4244: '=': conversión de 'int' a 'float'; posible pérdida de datos
Source\Map.cpp(84,19): warning C4244: '=': conversión de 'float' a 'TYPE'; posible pérdida de datos
Source\Map.cpp(84,19): warning C4244:         with
Source\Map.cpp(84,19): warning C4244:         [
Source\Map.cpp(84,19): warning C4244:             TYPE=int
Source\Map.cpp(84,19): warning C4244:         ]
  Player.cpp
Source\Map.cpp(85,19): warning C4244: '=': conversión de 'float' a 'TYPE'; posible pérdida de datos
Source\Map.cpp(85,19): warning C4244:         with
Source\Map.cpp(85,19): warning C4244:         [
Source\Map.cpp(85,19): warning C4244:             TYPE=int
Source\Map.cpp(85,19): warning C4244:         ]
C:\Users\Himar\Documents\GitHub\PlatformerGame\Platformer\Game\Source\Animation.h(60,19): warning C4244: 'inicializando': conversión de 'const float' a 'int'; posible pérdida de datos
C:\Users\Himar\Documents\GitHub\PlatformerGame\Platformer\Game\Source\Animation.h(62,30): warning C4244: '=': conversión de 'float' a 'int'; posible pérdida de datos
C:\Users\Himar\Documents\GitHub\PlatformerGame\Platformer\Game\Source\Animation.h(69,18): warning C4244: '=': conversión de 'int' a 'float'; posible pérdida de datos
Source\Player.cpp(231,39): warning C4244: 'argumento': conversión de 'TYPE' a 'int'; posible pérdida de datos
Source\Player.cpp(231,39): warning C4244:         with
Source\Player.cpp(231,39): warning C4244:         [
Source\Player.cpp(231,39): warning C4244:             TYPE=float
Source\Player.cpp(231,39): warning C4244:         ]
Source\Player.cpp(231,27): warning C4244: 'argumento': conversión de 'TYPE' a 'int'; posible pérdida de datos
Source\Player.cpp(231,27): warning C4244:         with
Source\Player.cpp(231,27): warning C4244:         [
Source\Player.cpp(231,27): warning C4244:             TYPE=float
Source\Player.cpp(231,27): warning C4244:         ]
Source\Player.cpp(234,59): warning C4244: 'argumento': conversión de 'TYPE' a 'int'; posible pérdida de datos
Source\Player.cpp(234,59): warning C4244:         with
Source\Player.cpp(234,59): warning C4244:         [
Source\Player.cpp(234,59): warning C4244:             TYPE=float
Source\Player.cpp(234,59): warning C4244:         ]
  Scene.cpp
  Render.cpp
  Textures.cpp
  Window.cpp
  Log.cpp
  pugixml.cpp
Source\Player.cpp(234,47): warning C4244: 'argumento': conversión de 'TYPE' a 'int'; posible pérdida de datos
Source\Player.cpp(234,47): warning C4244:         with
Source\Player.cpp(234,47): warning C4244:         [
Source\Player.cpp(234,47): warning C4244:             TYPE=float
Source\Player.cpp(234,47): warning C4244:         ]
App.obj : error LNK2001: símbolo externo "public: __thiscall Collisions::Collisions(void)" (??0Collisions@@QAE@XZ) sin resolver
Player.obj : error LNK2001: símbolo externo "public: void __thiscall Collisions::RemoveCollider(struct Collider *)" (?RemoveCollider@Collisions@@QAEXPAUCollider@@@Z) sin resolver
Player.obj : error LNK2001: símbolo externo "public: struct Collider * __thiscall Collisions::AddCollider(struct SDL_Rect,enum Collider::Type,class Module *)" (?AddCollider@Collisions@@QAEPAUCollider@@USDL_Rect@@W4Type@2@PAVModule@@@Z) sin resolver
Player.obj : error LNK2001: símbolo externo "public: void __thiscall Collider::SetPos(int,int)" (?SetPos@Collider@@QAEXHH@Z) sin resolver
C:\Users\Himar\Documents\GitHub\PlatformerGame\Platformer\Build\Release\Game.exe : fatal error LNK1120: 4 externos sin resolver
